#
# There is insufficient memory for the Java Runtime Environment to continue.
# Native memory allocation (malloc) failed to allocate 1048576 bytes. Error detail: AllocateHeap
# Possible reasons:
#   The system is out of physical RAM or swap space
#   This process is running with CompressedOops enabled, and the Java Heap may be blocking the growth of the native heap
# Possible solutions:
#   Reduce memory load on the system
#   Increase physical memory or swap space
#   Check if swap backing store is full
#   Decrease Java heap size (-Xmx/-Xms)
#   Decrease number of Java threads
#   Decrease Java thread stack sizes (-Xss)
#   Set larger code cache with -XX:ReservedCodeCacheSize=
#   JVM is running with Unscaled Compressed Oops mode in which the Java heap is
#     placed in the first 4GB address space. The Java Heap base address is the
#     maximum limit for the native heap growth. Please use -XX:HeapBaseMinAddress
#     to set the Java Heap base and to place the Java Heap above 4GB virtual address.
# This output file may be truncated or incomplete.
#
#  Out of Memory Error (allocation.cpp:44), pid=8232, tid=4256
#
# JRE version:  (17.0.13+11) (build )
# Java VM: OpenJDK 64-Bit Server VM (17.0.13+11-LTS, mixed mode, sharing, tiered, compressed oops, compressed class ptrs, g1 gc, windows-amd64)
# No core dump will be written. Minidumps are not enabled by default on client versions of Windows
#

---------------  S U M M A R Y ------------

Command Line: -Xmx64m -Xms64m -Dorg.gradle.appname=gradlew C:\Users\parad\android_proje\yuva_bul_1\android\\gradle\wrapper\gradle-wrapper.jar app:installDebug -PreactNativeDevServerPort=8081

Host: 12th Gen Intel(R) Core(TM) i5-12450H, 12 cores, 7G,  Windows 11 , 64 bit Build 26100 (10.0.26100.7309)
Time: Mon Dec 22 16:04:32 2025 Türkiye Standart Saati elapsed time: 1.024905 seconds (0d 0h 0m 1s)

---------------  T H R E A D  ---------------

Current thread (0x00000209edd9ccc0):  JavaThread "Unknown thread" [_thread_in_vm, id=4256, stack(0x000000bb0b000000,0x000000bb0b100000)]

Stack: [0x000000bb0b000000,0x000000bb0b100000]
Native frames: (J=compiled Java code, j=interpreted, Vv=VM code, C=native code)
V  [jvm.dll+0x687fc9]
V  [jvm.dll+0x83eeb8]
V  [jvm.dll+0x840963]
V  [jvm.dll+0x840fd3]
V  [jvm.dll+0x24951f]
V  [jvm.dll+0xa77b3]
V  [jvm.dll+0x2ddb77]
V  [jvm.dll+0x810d7f]
V  [jvm.dll+0x3708f1]
V  [jvm.dll+0x7ef8af]
V  [jvm.dll+0x3f70ef]
V  [jvm.dll+0x3f8c21]
C  [jli.dll+0x52a0]
C  [ucrtbase.dll+0x37b0]
C  [KERNEL32.DLL+0x2e8d7]
C  [ntdll.dll+0x8c53c]


---------------  P R O C E S S  ---------------

Threads class SMR info:
_java_thread_list=0x00007ffa678cdf98, length=0, elements={
}

Java Threads: ( => current thread )

Other Threads:

=>0x00000209edd9ccc0 (exited) JavaThread "Unknown thread" [_thread_in_vm, id=4256, stack(0x000000bb0b000000,0x000000bb0b100000)]

Threads with active compile tasks:

VM state: not at safepoint (not fully initialized)

VM Mutex/Monitor currently owned by a thread: None

Heap address: 0x0000000000000000, size: 0 MB, Compressed Oops mode: 32-bit

CDS archive(s) mapped at: [0x0000000000000000-0x0000000000000000-0x0000000000000000), size 0, SharedBaseAddress: 0x0000000800000000, ArchiveRelocationMode: 1.
Narrow klass base: 0x0000000000000000, Narrow klass shift: 0, Narrow klass range: 0x0

GC Precious Log:
<Empty>

GC Heap History (0 events):
No events

Dll operation events (1 events):
Event: 0.008 Loaded shared library C:\Program Files\Microsoft\jdk-17.0.13.11-hotspot\bin\java.dll

Deoptimization events (0 events):
No events

Classes loaded (0 events):
No events

Classes unloaded (0 events):
No events

Classes redefined (0 events):
No events

Internal exceptions (0 events):
No events

VM Operations (0 events):
No events

Memory protections (0 events):
No events

Nmethod flushes (0 events):
No events

Events (0 events):
No events


Dynamic libraries:
0x00007ff684990000 - 0x00007ff68499e000 	C:\Program Files\Microsoft\jdk-17.0.13.11-hotspot\bin\java.exe
0x00007ffb1bc00000 - 0x00007ffb1be67000 	C:\WINDOWS\SYSTEM32\ntdll.dll
0x00007ffb1b720000 - 0x00007ffb1b7e9000 	C:\WINDOWS\System32\KERNEL32.DLL
0x00007ffb18d50000 - 0x00007ffb1913f000 	C:\WINDOWS\System32\KERNELBASE.dll
0x00007ffb19580000 - 0x00007ffb196cb000 	C:\WINDOWS\System32\ucrtbase.dll
0x00007ffb131b0000 - 0x00007ffb131cd000 	C:\Program Files\Microsoft\jdk-17.0.13.11-hotspot\bin\VCRUNTIME140.dll
0x00007ffb13280000 - 0x00007ffb13297000 	C:\Program Files\Microsoft\jdk-17.0.13.11-hotspot\bin\jli.dll
0x00007ffb1a510000 - 0x00007ffb1a6d5000 	C:\WINDOWS\System32\USER32.dll
0x00007ffafc440000 - 0x00007ffafc6d3000 	C:\WINDOWS\WinSxS\amd64_microsoft.windows.common-controls_6595b64144ccf1df_6.0.26100.7309_none_3e05feeae336a044\COMCTL32.dll
0x00007ffb19840000 - 0x00007ffb19867000 	C:\WINDOWS\System32\win32u.dll
0x00007ffb19ba0000 - 0x00007ffb19c49000 	C:\WINDOWS\System32\msvcrt.dll
0x00007ffb1a8b0000 - 0x00007ffb1a8db000 	C:\WINDOWS\System32\GDI32.dll
0x00007ffb19870000 - 0x00007ffb1999c000 	C:\WINDOWS\System32\gdi32full.dll
0x00007ffb19150000 - 0x00007ffb191f3000 	C:\WINDOWS\System32\msvcp_win.dll
0x00007ffb1a4d0000 - 0x00007ffb1a501000 	C:\WINDOWS\System32\IMM32.DLL
0x00007ffb13310000 - 0x00007ffb1331c000 	C:\Program Files\Microsoft\jdk-17.0.13.11-hotspot\bin\vcruntime140_1.dll
0x00007ffae2670000 - 0x00007ffae26fd000 	C:\Program Files\Microsoft\jdk-17.0.13.11-hotspot\bin\msvcp140.dll
0x00007ffa66d90000 - 0x00007ffa67a01000 	C:\Program Files\Microsoft\jdk-17.0.13.11-hotspot\bin\server\jvm.dll
0x00007ffb1b9e0000 - 0x00007ffb1ba94000 	C:\WINDOWS\System32\ADVAPI32.dll
0x00007ffb1a7c0000 - 0x00007ffb1a866000 	C:\WINDOWS\System32\sechost.dll
0x00007ffb1a960000 - 0x00007ffb1aa78000 	C:\WINDOWS\System32\RPCRT4.dll
0x00007ffb1a8e0000 - 0x00007ffb1a954000 	C:\WINDOWS\System32\WS2_32.dll
0x00007ffb185b0000 - 0x00007ffb1860e000 	C:\WINDOWS\SYSTEM32\POWRPROF.dll
0x00007ffb0be70000 - 0x00007ffb0bea5000 	C:\WINDOWS\SYSTEM32\WINMM.dll
0x00007ffb13600000 - 0x00007ffb1360b000 	C:\WINDOWS\SYSTEM32\VERSION.dll
0x00007ffb18540000 - 0x00007ffb18554000 	C:\WINDOWS\SYSTEM32\UMPDC.dll
0x00007ffb17ae0000 - 0x00007ffb17afb000 	C:\WINDOWS\SYSTEM32\kernel.appcore.dll
0x00007ffb132c0000 - 0x00007ffb132ca000 	C:\Program Files\Microsoft\jdk-17.0.13.11-hotspot\bin\jimage.dll
0x00007ffb15fe0000 - 0x00007ffb16222000 	C:\WINDOWS\SYSTEM32\DBGHELP.DLL
0x00007ffb1b1e0000 - 0x00007ffb1b565000 	C:\WINDOWS\System32\combase.dll
0x00007ffb1a6e0000 - 0x00007ffb1a7b6000 	C:\WINDOWS\System32\OLEAUT32.dll
0x00007ffae6c20000 - 0x00007ffae6c5c000 	C:\WINDOWS\SYSTEM32\dbgcore.DLL
0x00007ffb196d0000 - 0x00007ffb19775000 	C:\WINDOWS\System32\bcryptPrimitives.dll
0x00007ffae4af0000 - 0x00007ffae4b15000 	C:\Program Files\Microsoft\jdk-17.0.13.11-hotspot\bin\java.dll

dbghelp: loaded successfully - version: 4.0.5 - missing functions: none
symbol engine: initialized successfully - sym options: 0x614 - pdb path: .;C:\Program Files\Microsoft\jdk-17.0.13.11-hotspot\bin;C:\WINDOWS\SYSTEM32;C:\WINDOWS\WinSxS\amd64_microsoft.windows.common-controls_6595b64144ccf1df_6.0.26100.7309_none_3e05feeae336a044;C:\Program Files\Microsoft\jdk-17.0.13.11-hotspot\bin\server

VM Arguments:
jvm_args: -Xmx64m -Xms64m -Dorg.gradle.appname=gradlew 
java_command: C:\Users\parad\android_proje\yuva_bul_1\android\\gradle\wrapper\gradle-wrapper.jar app:installDebug -PreactNativeDevServerPort=8081
java_class_path (initial): C:\Users\parad\android_proje\yuva_bul_1\android\\gradle\wrapper\gradle-wrapper.jar
Launcher Type: SUN_STANDARD

[Global flags]
     intx CICompilerCount                          = 4                                         {product} {ergonomic}
     uint ConcGCThreads                            = 3                                         {product} {ergonomic}
     uint G1ConcRefinementThreads                  = 10                                        {product} {ergonomic}
   size_t G1HeapRegionSize                         = 1048576                                   {product} {ergonomic}
    uintx GCDrainStackTargetSize                   = 64                                        {product} {ergonomic}
   size_t InitialHeapSize                          = 67108864                                  {product} {command line}
   size_t MarkStackSize                            = 4194304                                   {product} {ergonomic}
   size_t MaxHeapSize                              = 67108864                                  {product} {command line}
   size_t MinHeapDeltaBytes                        = 1048576                                   {product} {ergonomic}
   size_t MinHeapSize                              = 67108864                                  {product} {command line}
    uintx NonNMethodCodeHeapSize                   = 5839372                                {pd product} {ergonomic}
    uintx NonProfiledCodeHeapSize                  = 122909434                              {pd product} {ergonomic}
    uintx ProfiledCodeHeapSize                     = 122909434                              {pd product} {ergonomic}
    uintx ReservedCodeCacheSize                    = 251658240                              {pd product} {ergonomic}
     bool SegmentedCodeCache                       = true                                      {product} {ergonomic}
   size_t SoftMaxHeapSize                          = 67108864                               {manageable} {ergonomic}
     bool UseCompressedClassPointers               = true                           {product lp64_product} {ergonomic}
     bool UseCompressedOops                        = true                           {product lp64_product} {ergonomic}
     bool UseG1GC                                  = true                                      {product} {ergonomic}
     bool UseLargePagesIndividualAllocation        = false                                  {pd product} {ergonomic}

Logging:
Log output configuration:
 #0: stdout all=warning uptime,level,tags
 #1: stderr all=off uptime,level,tags

Environment Variables:
JAVA_HOME=C:\Program Files\Microsoft\jdk-17.0.13.11-hotspot\
PATH=C:\Users\parad\android_proje\yuva_bul_1\node_modules\.bin;C:\Users\parad\android_proje\yuva_bul_1\node_modules\.bin;C:\Users\parad\android_proje\node_modules\.bin;C:\Users\parad\node_modules\.bin;C:\Users\node_modules\.bin;C:\node_modules\.bin;C:\Users\parad\AppData\Roaming\npm\node_modules\npm\node_modules\@npmcli\run-script\lib\node-gyp-bin;C:\Program Files\Microsoft\jdk-17.0.13.11-hotspot\bin;C:\Program Files\Common Files\Oracle\Java\javapath;C:\Program Files\Eclipse Adoptium\jdk-21.0.5.11-hotspot\bin;C:\Windows\system32;C:\Windows;C:\Windows\System32\Wbem;C:\Windows\System32\WindowsPowerShell\v1.0\;C:\Windows\System32\OpenSSH\;C:\Program Files (x86)\NVIDIA Corporation\PhysX\Common;C:\Program Files\dotnet\;C:\Program Files (x86)\Windows Kits\10\Windows Performance Toolkit\;C:\Program Files\Git\cmd;C:\Program Files\Go\bin;C:\Users\parad\AppData\Roaming\npm\firebase;C:\Program Files (x86)\Microsoft SQL Server\160\DTS\Binn\;C:\Program Files (x86)\Microsoft SQL Server\160\Tools\Binn\;C:\Program Files\Microsoft SQL Server\160\Tools\Binn\;C:\Program Files\Microsoft SQL Server\Client SDK\ODBC\170\Tools\Binn\;C:\Program Files\Microsoft SQL Server\160\DTS\Binn\;C:\Program Files\Microsoft SQL Server\150\Tools\Binn\;C:\Program Files\NVIDIA Corporation\NVIDIA app\NvDLISR;C:\ProgramData\chocolatey\bin;C:\Program Files\nodejs\;C:\Program Files\Docker\Docker\resources\bin;C:\WINDOWS\system32;C:\WINDOWS;C:\WINDOWS\System32\Wbem;C:\WINDOWS\System32\WindowsPowerShell\v1.0\;C:\WINDOWS\System32\OpenSSH\;C:\xampp\php;C:\ProgramData\ComposerSetup\bin;C:\Program Files\Cloudflare\Cloudflare WARP\;C:\Users\parad\AppData\Local\Android\Sdk\platform-tools;C:\Users\parad\AppData\Local\Android\Sdk\tools;C:\Users\parad\AppData\Local\Programs\Python\Python38-32\;C:\Users\parad\AppData\Local\Microsoft\WindowsApps;C:\Users\parad\.dotnet\tools;C:\src\flutter\bin;C:\Program Files\JetBrains\PyCharm 2024.1.4\bin;C:\Users\parad\AppData\Local\GitHubDesktop\bin;C:\Users\parad\go\bin;C:\Users\parad\App
USERNAME=parad
LANG=en_US.UTF-8
OS=Windows_NT
PROCESSOR_IDENTIFIER=Intel64 Family 6 Model 154 Stepping 3, GenuineIntel
TMP=C:\Users\parad\AppData\Local\Temp
TEMP=C:\Users\parad\AppData\Local\Temp



Periodic native trim disabled


---------------  S Y S T E M  ---------------

OS:
 Windows 11 , 64 bit Build 26100 (10.0.26100.7309)
OS uptime: 0 days 2:59 hours
Hyper-V role detected

CPU: total 12 (initial active 12) (6 cores per cpu, 2 threads per core) family 6 model 154 stepping 3 microcode 0x423, cx8, cmov, fxsr, ht, mmx, 3dnowpref, sse, sse2, sse3, ssse3, sse4.1, sse4.2, popcnt, lzcnt, tsc, tscinvbit, avx, avx2, aes, erms, clmul, bmi1, bmi2, adx, sha, fma, vzeroupper, clflush, clflushopt, clwb, hv
Processor Information for processor 0
  Max Mhz: 2500, Current Mhz: 2500, Mhz Limit: 2500
Processor Information for processor 1
  Max Mhz: 2500, Current Mhz: 2500, Mhz Limit: 2500
Processor Information for processor 2
  Max Mhz: 2500, Current Mhz: 2500, Mhz Limit: 2500
Processor Information for processor 3
  Max Mhz: 2500, Current Mhz: 2500, Mhz Limit: 2500
Processor Information for processor 4
  Max Mhz: 2500, Current Mhz: 2500, Mhz Limit: 2500
Processor Information for processor 5
  Max Mhz: 2500, Current Mhz: 2500, Mhz Limit: 2500
Processor Information for processor 6
  Max Mhz: 2500, Current Mhz: 2500, Mhz Limit: 2500
Processor Information for processor 7
  Max Mhz: 2500, Current Mhz: 2500, Mhz Limit: 2500
Processor Information for processor 8
  Max Mhz: 2500, Current Mhz: 1875, Mhz Limit: 1875
Processor Information for processor 9
  Max Mhz: 2500, Current Mhz: 1875, Mhz Limit: 1875
Processor Information for processor 10
  Max Mhz: 2500, Current Mhz: 1875, Mhz Limit: 1875
Processor Information for processor 11
  Max Mhz: 2500, Current Mhz: 1875, Mhz Limit: 1875

Memory: 4k page, system-wide physical 7878M (484M free)
TotalPageFile size 22878M (AvailPageFile size 16M)
current process WorkingSet (physical memory assigned to process): 12M, peak: 12M
current process commit charge ("private bytes"): 12M, peak: 13M

vm_info: OpenJDK 64-Bit Server VM (17.0.13+11-LTS) for windows-amd64 JRE (17.0.13+11-LTS), built on Oct 11 2024 23:25:05 by "MicrosoftCorporation" with unknown MS VC++:1939

END.
